06:00:05 [INFO] ============================================================
06:00:05 [INFO] DAILY SWARM FEED PULL
06:00:05 [INFO] ============================================================
06:00:05 [INFO] Phase 1: Pulling no-auth feeds...
06:00:05 [INFO] HTTP Request: GET https://earthquake.usgs.gov/earthquakes/feed/v1.0/summary/2.5_day.geojson "HTTP/1.1 200 OK"
06:00:06 [INFO] HTTP Request: GET https://earthquake.usgs.gov/earthquakes/feed/v1.0/summary/significant_month.geojson "HTTP/1.1 200 OK"
06:00:08 [INFO] HTTP Request: GET https://api.open-meteo.com/v1/forecast?latitude=36.16&longitude=-86.78&hourly=temperature_2m,precipitation,windspeed_10m,weathercode&daily=temperature_2m_max,temperature_2m_min,precipitation_sum,windspeed_10m_max&timezone=America/Chicago&forecast_days=7 "HTTP/1.1 502 Bad Gateway"
06:00:10 [INFO] HTTP Request: GET https://air-quality-api.open-meteo.com/v1/air-quality?latitude=36.16&longitude=-86.78&hourly=pm2_5,pm10,us_aqi&timezone=America/Chicago "HTTP/1.1 200 OK"
06:00:11 [INFO] HTTP Request: GET https://flood-api.open-meteo.com/v1/flood?latitude=36.16&longitude=-86.78&daily=river_discharge "HTTP/1.1 200 OK"
06:00:16 [INFO] HTTP Request: GET https://api.open-meteo.com/v1/forecast?latitude=36.16&longitude=-86.78&daily=sunshine_duration,uv_index_max,shortwave_radiation_sum&timezone=America/Chicago&forecast_days=7 "HTTP/1.1 200 OK"
06:00:17 [INFO] HTTP Request: GET https://api.weather.gov/alerts/active?area=TN "HTTP/1.1 200 OK"
06:00:19 [INFO] HTTP Request: GET https://api.weather.gov/alerts/active?area=MO "HTTP/1.1 200 OK"
06:00:20 [INFO] HTTP Request: GET https://api.weather.gov/alerts/active?area=GA "HTTP/1.1 200 OK"
06:00:21 [INFO] HTTP Request: GET https://api.fiscaldata.treasury.gov/services/api/fiscal_service/v2/accounting/od/debt_to_penny?sort=-record_date&page[size]=10 "HTTP/1.1 200 OK"
06:00:23 [INFO] HTTP Request: GET https://api.fiscaldata.treasury.gov/services/api/fiscal_service/v2/accounting/od/avg_interest_rates?sort=-record_date&page[size]=30 "HTTP/1.1 200 OK"
06:00:24 [INFO] HTTP Request: GET https://api.coingecko.com/api/v3/coins/markets?vs_currency=usd&order=market_cap_desc&per_page=10&page=1 "HTTP/1.1 200 OK"
06:00:25 [INFO] HTTP Request: GET https://api.frankfurter.app/latest?from=USD "HTTP/1.1 301 Moved Permanently"
06:00:25 [INFO] HTTP Request: GET https://api.frankfurter.dev/v1/latest?from=USD "HTTP/1.1 200 OK"
06:00:26 [INFO] HTTP Request: GET https://api.coinpaprika.com/v1/tickers/btc-bitcoin "HTTP/1.1 200 OK"
06:00:28 [INFO] HTTP Request: GET https://api.carbonintensity.org.uk/intensity "HTTP/1.1 200 OK"
06:00:29 [INFO] HTTP Request: GET https://api.carbonintensity.org.uk/regional "HTTP/1.1 200 OK"
06:00:33 [INFO] HTTP Request: GET https://services.nvd.nist.gov/rest/json/cves/2.0?resultsPerPage=20 "HTTP/1.1 200 OK"
06:00:34 [INFO] HTTP Request: GET https://hacker-news.firebaseio.com/v0/topstories.json "HTTP/1.1 200 OK"
06:00:36 [INFO] HTTP Request: GET https://opensky-network.org/api/states/all?lamin=35&lamax=37&lomin=-87&lomax=-85 "HTTP/1.1 200 "
06:00:38 [INFO] HTTP Request: GET https://www.fema.gov/api/open/v2/DisasterDeclarationsSummaries?$filter=declarationDate%20gt%20%272024-01-01T00:00:00.000z%27&$top=20&$orderby=declarationDate%20desc "HTTP/1.1 200 OK"
06:00:39 [INFO] HTTP Request: POST https://api.usaspending.gov/api/v2/search/spending_by_award_count/ "HTTP/1.1 200 OK"
06:00:41 [INFO] HTTP Request: GET https://api.spaceflightnewsapi.net/v4/articles/?limit=10 "HTTP/1.1 200 OK"
06:00:42 [INFO] HTTP Request: GET https://ipwhois.app/json/ "HTTP/1.1 200 OK"
06:00:43 [INFO]   No-auth: 22/23 successful
06:00:43 [INFO] Phase 2: Pulling keyed feeds...
06:01:05 [INFO] HTTP Request: GET https://api.nasa.gov/neo/rest/v1/feed/today?api_key=VifqtlxZRNbUrYfTLgjRpXfFMqPKiFg6n9Ohfyoq "HTTP/1.1 200 OK"
06:01:07 [INFO] HTTP Request: GET https://api.nasa.gov/DONKI/FLR?startDate=2026-06-01&endDate=2026-06-08&api_key=VifqtlxZRNbUrYfTLgjRpXfFMqPKiFg6n9Ohfyoq "HTTP/1.1 200 OK"
06:01:14 [INFO] HTTP Request: GET https://api.nasa.gov/DONKI/CME?startDate=2026-06-01&endDate=2026-06-08&api_key=VifqtlxZRNbUrYfTLgjRpXfFMqPKiFg6n9Ohfyoq "HTTP/1.1 200 OK"
06:01:16 [INFO] HTTP Request: GET https://api.nasa.gov/DONKI/GST?startDate=2026-06-01&endDate=2026-06-08&api_key=VifqtlxZRNbUrYfTLgjRpXfFMqPKiFg6n9Ohfyoq "HTTP/1.1 200 OK"
06:01:22 [INFO] HTTP Request: GET https://api.stlouisfed.org/fred/series/observations?series_id=FEDFUNDS&api_key=20605681290bd57be93023d21e318a4a&file_type=json&sort_order=desc&limit=30 "HTTP/1.1 200 OK"
06:01:28 [INFO] HTTP Request: GET https://api.stlouisfed.org/fred/series/observations?series_id=UNRATE&api_key=20605681290bd57be93023d21e318a4a&file_type=json&sort_order=desc&limit=30 "HTTP/1.1 200 OK"
06:01:32 [INFO] HTTP Request: GET https://api.stlouisfed.org/fred/series/observations?series_id=CPIAUCSL&api_key=20605681290bd57be93023d21e318a4a&file_type=json&sort_order=desc&limit=30 "HTTP/1.1 200 OK"
06:01:36 [INFO] HTTP Request: GET https://api.stlouisfed.org/fred/series/observations?series_id=GDP&api_key=20605681290bd57be93023d21e318a4a&file_type=json&sort_order=desc&limit=30 "HTTP/1.1 200 OK"
06:01:39 [INFO] HTTP Request: GET https://api.stlouisfed.org/fred/series/observations?series_id=DGS10&api_key=20605681290bd57be93023d21e318a4a&file_type=json&sort_order=desc&limit=30 "HTTP/1.1 200 OK"
06:01:42 [INFO] HTTP Request: GET https://api.stlouisfed.org/fred/series/observations?series_id=T10Y2Y&api_key=20605681290bd57be93023d21e318a4a&file_type=json&sort_order=desc&limit=30 "HTTP/1.1 200 OK"
06:01:43 [INFO] HTTP Request: GET https://finnhub.io/api/v1/news?category=general&token=d8j2se1r01quen2t9klgd8j2se1r01quen2t9km0 "HTTP/1.1 200 OK"
06:01:44 [INFO] HTTP Request: GET https://finnhub.io/api/v1/news?category=crypto&token=d8j2se1r01quen2t9klgd8j2se1r01quen2t9km0 "HTTP/1.1 200 OK"
06:01:46 [INFO] HTTP Request: GET https://finnhub.io/api/v1/quote?symbol=SPY&token=d8j2se1r01quen2t9klgd8j2se1r01quen2t9km0 "HTTP/1.1 200 OK"
06:01:47 [INFO] HTTP Request: GET https://finnhub.io/api/v1/quote?symbol=AAPL&token=d8j2se1r01quen2t9klgd8j2se1r01quen2t9km0 "HTTP/1.1 200 OK"
06:01:48 [INFO] HTTP Request: GET https://finnhub.io/api/v1/calendar/economic?token=d8j2se1r01quen2t9klgd8j2se1r01quen2t9km0 "HTTP/1.1 200 OK"
06:01:49 [INFO] HTTP Request: GET https://finnhub.io/api/v1/calendar/earnings?from=2026-06-01&to=2026-06-08&token=d8j2se1r01quen2t9klgd8j2se1r01quen2t9km0 "HTTP/1.1 200 OK"
06:01:51 [INFO] HTTP Request: GET https://finnhub.io/api/v1/calendar/ipo?from=2026-06-01&to=2026-06-08&token=d8j2se1r01quen2t9klgd8j2se1r01quen2t9km0 "HTTP/1.1 200 OK"
06:01:52 [INFO] HTTP Request: GET https://finnhub.io/api/v1/stock/market-status?exchange=US&token=d8j2se1r01quen2t9klgd8j2se1r01quen2t9km0 "HTTP/1.1 200 OK"
06:01:53 [INFO] HTTP Request: GET https://newsapi.org/v2/top-headlines?country=us&apiKey=89f9b27e5ff946c68ba88b172c4e6471 "HTTP/1.1 200 OK"
06:01:54 [INFO] HTTP Request: GET https://newsapi.org/v2/top-headlines?category=business&country=us&apiKey=89f9b27e5ff946c68ba88b172c4e6471 "HTTP/1.1 200 OK"
06:01:55 [INFO] HTTP Request: GET https://newsapi.org/v2/everything?q=real+estate+market&sortBy=publishedAt&pageSize=20&apiKey=89f9b27e5ff946c68ba88b172c4e6471 "HTTP/1.1 200 OK"
06:01:57 [INFO] HTTP Request: GET https://newsapi.org/v2/everything?q=supply+chain+disruption&sortBy=publishedAt&pageSize=20&apiKey=89f9b27e5ff946c68ba88b172c4e6471 "HTTP/1.1 200 OK"
06:01:58 [INFO] HTTP Request: GET https://newsapi.org/v2/everything?q=cybersecurity+breach&sortBy=publishedAt&pageSize=20&apiKey=89f9b27e5ff946c68ba88b172c4e6471 "HTTP/1.1 200 OK"
06:01:59 [INFO] HTTP Request: GET https://www.alphavantage.co/query?function=TIME_SERIES_DAILY&symbol=SPY&outputsize=compact&apikey=GN7I1B8WWJRUUQHJ "HTTP/1.1 200 OK"
06:02:14 [INFO] HTTP Request: GET https://www.alphavantage.co/query?function=REAL_GDP&interval=quarterly&apikey=GN7I1B8WWJRUUQHJ "HTTP/1.1 200 OK"
06:02:30 [INFO] HTTP Request: GET https://www.alphavantage.co/query?function=CPI&interval=monthly&apikey=GN7I1B8WWJRUUQHJ "HTTP/1.1 200 OK"
06:02:45 [INFO] HTTP Request: GET https://www.alphavantage.co/query?function=UNEMPLOYMENT&apikey=GN7I1B8WWJRUUQHJ "HTTP/1.1 200 OK"
06:03:00 [INFO] HTTP Request: GET https://www.alphavantage.co/query?function=NEWS_SENTIMENT&tickers=SPY&apikey=GN7I1B8WWJRUUQHJ "HTTP/1.1 200 OK"
06:03:15 [INFO] HTTP Request: GET https://api.openweathermap.org/data/2.5/weather?lat=36.16&lon=-86.78&appid=715652aac1583c1948e0ab3996b101ca&units=imperial "HTTP/1.1 200 OK"
06:03:17 [INFO] HTTP Request: GET https://api.openweathermap.org/data/2.5/weather?lat=35.15&lon=-90.05&appid=715652aac1583c1948e0ab3996b101ca&units=imperial "HTTP/1.1 200 OK"
06:03:18 [INFO] HTTP Request: GET https://api.openweathermap.org/data/2.5/weather?lat=33.749&lon=-84.388&appid=715652aac1583c1948e0ab3996b101ca&units=imperial "HTTP/1.1 200 OK"
06:03:19 [INFO] HTTP Request: GET https://api.openweathermap.org/data/2.5/weather?lat=39.099&lon=-94.578&appid=715652aac1583c1948e0ab3996b101ca&units=imperial "HTTP/1.1 200 OK"
06:03:20 [INFO] HTTP Request: GET https://api.openweathermap.org/data/2.5/weather?lat=42.36&lon=-71.06&appid=715652aac1583c1948e0ab3996b101ca&units=imperial "HTTP/1.1 200 OK"
06:03:21 [INFO] HTTP Request: GET https://api.openweathermap.org/data/2.5/weather?lat=41.5&lon=-81.69&appid=715652aac1583c1948e0ab3996b101ca&units=imperial "HTTP/1.1 200 OK"
06:03:23 [INFO] HTTP Request: GET https://api.openweathermap.org/data/2.5/weather?lat=39.95&lon=-75.17&appid=715652aac1583c1948e0ab3996b101ca&units=imperial "HTTP/1.1 200 OK"
06:03:24 [INFO] HTTP Request: GET https://api.openweathermap.org/data/2.5/weather?lat=33.45&lon=-112.07&appid=715652aac1583c1948e0ab3996b101ca&units=imperial "HTTP/1.1 200 OK"
06:03:25 [INFO] HTTP Request: GET https://api.openweathermap.org/data/2.5/weather?lat=32.78&lon=-96.8&appid=715652aac1583c1948e0ab3996b101ca&units=imperial "HTTP/1.1 200 OK"
06:03:26 [INFO] HTTP Request: GET https://api.openweathermap.org/data/2.5/weather?lat=47.61&lon=-122.33&appid=715652aac1583c1948e0ab3996b101ca&units=imperial "HTTP/1.1 200 OK"
06:03:27 [INFO]   Keyed: 38/39 successful
06:03:27 [INFO] Phase 3: Converting to event sequences...
06:03:27 [INFO]   Generated: 370 events
06:03:27 [INFO] 
06:03:27 [INFO] ============================================================
06:03:27 [INFO] COMPLETE: 60/62 feeds → 370 events
06:03:27 [INFO] ============================================================
